mode: set
github.com/JainyMartins/goweb/internal/repository/productsRepository.go:45.47,49.2 1 1
github.com/JainyMartins/goweb/internal/repository/productsRepository.go:51.50,53.39 1 1
github.com/JainyMartins/goweb/internal/repository/productsRepository.go:53.39,55.3 1 0
github.com/JainyMartins/goweb/internal/repository/productsRepository.go:58.2,58.16 1 1
github.com/JainyMartins/goweb/internal/repository/productsRepository.go:61.51,62.39 1 0
github.com/JainyMartins/goweb/internal/repository/productsRepository.go:62.39,64.3 1 0
github.com/JainyMartins/goweb/internal/repository/productsRepository.go:66.2,66.29 1 0
github.com/JainyMartins/goweb/internal/repository/productsRepository.go:66.29,67.23 1 0
github.com/JainyMartins/goweb/internal/repository/productsRepository.go:67.23,69.4 1 0
github.com/JainyMartins/goweb/internal/repository/productsRepository.go:72.2,72.64 1 0
github.com/JainyMartins/goweb/internal/repository/productsRepository.go:75.152,77.39 1 0
github.com/JainyMartins/goweb/internal/repository/productsRepository.go:77.39,79.3 1 0
github.com/JainyMartins/goweb/internal/repository/productsRepository.go:82.2,88.39 3 0
github.com/JainyMartins/goweb/internal/repository/productsRepository.go:88.39,90.3 1 0
github.com/JainyMartins/goweb/internal/repository/productsRepository.go:94.2,94.15 1 0
github.com/JainyMartins/goweb/internal/repository/productsRepository.go:97.152,101.39 2 0
github.com/JainyMartins/goweb/internal/repository/productsRepository.go:101.39,103.3 1 0
github.com/JainyMartins/goweb/internal/repository/productsRepository.go:105.2,106.20 2 0
github.com/JainyMartins/goweb/internal/repository/productsRepository.go:106.20,107.21 1 0
github.com/JainyMartins/goweb/internal/repository/productsRepository.go:107.21,111.44 3 0
github.com/JainyMartins/goweb/internal/repository/productsRepository.go:111.44,113.5 1 0
github.com/JainyMartins/goweb/internal/repository/productsRepository.go:114.4,114.18 1 0
github.com/JainyMartins/goweb/internal/repository/productsRepository.go:117.2,117.14 1 0
github.com/JainyMartins/goweb/internal/repository/productsRepository.go:117.14,119.3 1 0
github.com/JainyMartins/goweb/internal/repository/productsRepository.go:120.2,120.15 1 0
github.com/JainyMartins/goweb/internal/repository/productsRepository.go:123.43,125.39 1 0
github.com/JainyMartins/goweb/internal/repository/productsRepository.go:125.39,127.3 1 0
github.com/JainyMartins/goweb/internal/repository/productsRepository.go:129.2,131.20 3 0
github.com/JainyMartins/goweb/internal/repository/productsRepository.go:131.20,132.21 1 0
github.com/JainyMartins/goweb/internal/repository/productsRepository.go:132.21,135.4 2 0
github.com/JainyMartins/goweb/internal/repository/productsRepository.go:137.2,137.14 1 0
github.com/JainyMartins/goweb/internal/repository/productsRepository.go:137.14,139.3 1 0
github.com/JainyMartins/goweb/internal/repository/productsRepository.go:140.2,143.39 2 0
github.com/JainyMartins/goweb/internal/repository/productsRepository.go:143.39,145.3 1 0
github.com/JainyMartins/goweb/internal/repository/productsRepository.go:147.2,147.12 1 0
github.com/JainyMartins/goweb/internal/repository/productsRepository.go:150.71,152.39 1 1
github.com/JainyMartins/goweb/internal/repository/productsRepository.go:152.39,154.3 1 0
github.com/JainyMartins/goweb/internal/repository/productsRepository.go:156.2,158.20 3 1
github.com/JainyMartins/goweb/internal/repository/productsRepository.go:158.20,159.21 1 1
github.com/JainyMartins/goweb/internal/repository/productsRepository.go:159.21,164.44 4 1
github.com/JainyMartins/goweb/internal/repository/productsRepository.go:164.44,166.5 1 0
github.com/JainyMartins/goweb/internal/repository/productsRepository.go:169.2,169.14 1 1
github.com/JainyMartins/goweb/internal/repository/productsRepository.go:169.14,171.3 1 0
github.com/JainyMartins/goweb/internal/repository/productsRepository.go:172.2,172.15 1 1
github.com/JainyMartins/goweb/internal/repository/productsRepository.go:175.74,177.39 1 0
github.com/JainyMartins/goweb/internal/repository/productsRepository.go:177.39,179.3 1 0
github.com/JainyMartins/goweb/internal/repository/productsRepository.go:181.2,183.20 3 0
github.com/JainyMartins/goweb/internal/repository/productsRepository.go:183.20,184.21 1 0
github.com/JainyMartins/goweb/internal/repository/productsRepository.go:184.21,189.44 4 0
github.com/JainyMartins/goweb/internal/repository/productsRepository.go:189.44,191.5 1 0
github.com/JainyMartins/goweb/internal/repository/productsRepository.go:194.2,194.14 1 0
github.com/JainyMartins/goweb/internal/repository/productsRepository.go:194.14,196.3 1 0
github.com/JainyMartins/goweb/internal/repository/productsRepository.go:197.2,197.15 1 0
github.com/JainyMartins/goweb/internal/repository/productsRepository.go:200.44,202.39 1 0
github.com/JainyMartins/goweb/internal/repository/productsRepository.go:202.39,204.3 1 0
github.com/JainyMartins/goweb/internal/repository/productsRepository.go:207.2,207.18 1 0
github.com/JainyMartins/goweb/internal/repository/productsRepository.go:207.18,209.3 1 0
github.com/JainyMartins/goweb/internal/repository/productsRepository.go:212.2,212.30 1 0
github.com/JainyMartins/goweb/internal/service/productsService.go:20.50,24.2 1 1
github.com/JainyMartins/goweb/internal/service/productsService.go:26.58,28.16 2 1
github.com/JainyMartins/goweb/internal/service/productsService.go:28.16,30.3 1 0
github.com/JainyMartins/goweb/internal/service/productsService.go:31.2,31.16 1 1
github.com/JainyMartins/goweb/internal/service/productsService.go:34.59,36.16 2 1
github.com/JainyMartins/goweb/internal/service/productsService.go:36.16,38.3 1 1
github.com/JainyMartins/goweb/internal/service/productsService.go:40.2,40.15 1 1
github.com/JainyMartins/goweb/internal/service/productsService.go:43.152,45.16 2 1
github.com/JainyMartins/goweb/internal/service/productsService.go:45.16,47.3 1 0
github.com/JainyMartins/goweb/internal/service/productsService.go:49.2,52.16 3 1
github.com/JainyMartins/goweb/internal/service/productsService.go:52.16,54.3 1 0
github.com/JainyMartins/goweb/internal/service/productsService.go:56.2,56.21 1 1
github.com/JainyMartins/goweb/internal/service/productsService.go:59.160,62.3 1 1
github.com/JainyMartins/goweb/internal/service/productsService.go:64.41,66.3 1 1
github.com/JainyMartins/goweb/internal/service/productsService.go:68.80,70.3 1 1
github.com/JainyMartins/goweb/internal/service/productsService.go:72.83,74.3 1 1
